[3 weeks ago] 48b618c1  (origin/bugfix/PMCORE-2011) PMCORE-2011 <Henry Jordan>
[1 year, 5 months ago] 581a6f26  (origin/bugfix/PMC-166) PMC-166 <Andrea Adamczyk>
[1 year, 9 months ago] 62cc5a80  PMC-322:[Mantis 25900] Add the labels for some English fields in the English .po file} <Fabio Guachalla>
[1 year, 9 months ago] bcb72023  PMC-320:Does not works the "Del/Supr" Key after press "Enter" key in the "Confirm" frame <Fabio Guachalla>
[1 year, 9 months ago] be0c1479  PMC-171:The line to connect elements BPMN aren't delete using the Del/Supr key <Fabio Guachalla>
[1 year, 10 months ago] 984ddb1f  FBI-2394:Task deleted on CTRL+ALT+DELETE - Windows 10 <Fabio Guachalla>
[1 year, 10 months ago] 29bcda88  (origin/bugfix/PMC-4) PMC-4: [Mantis-25811]When assigning triggers to execute before a dynaform, the sequence is getting out of order and the cardinal number is repeated or misplaced <Rodrigo Quelca>
[2 years, 5 months ago] 9eb86aa8  FBI-2383:Triggers > when we are going to edit the code of a trigger, the code is superimposed on the alert "required field" <Fabio Guachalla>
[2 years, 11 months ago] 0aad8c90  (origin/improvement/FBI-2144) FBI-2144 <Daniel>
[3 years, 1 month ago] f78ce304  FBI-636 <duhnnie>
[3 years, 1 month ago] 9c30bd36  FBI-1140 (Task Steps) Label "No Records Found" even if there is a trigger assigned <dheeyi william>
[3 years, 1 month ago] 809acfe1  FBI-1464: Improved solution <duhnnie>
[3 years, 4 months ago] 31cf982c  FBI-927: Add validation to avoid duplicated items in canvas <duhnnie>
[3 years, 4 months ago] 85b88acb  FBI-1781 <duhnnie>
[3 years, 6 months ago] d347bbef  FBI-992: Fix "Required field" to be permanently visible <duhnnie>
[3 years, 7 months ago] 1db5a6b7  FBI-1513 Grammar mistakes found in the Create a Variable window <Marco A. Nina Mena>
[3 years, 7 months ago] 7e5e9d35  FBI-1008 <alex_santos>
[3 years, 8 months ago] 73fa18e2  FBI-1415: The lasso does not work when we move the process flow <Rodrigo Quelca>
[3 years, 10 months ago] e1d0f9ae  FBI-1237: [PMUI] No es posible adicionar una nueva opcin en un checkgroupField <richardnoel>
[4 years ago] f8386bca  FBI-1074 <alex_santos>
[4 years ago] 68134906  FBI-1041: Cost&Units: Al hacer click en SAVE después de dejar vacíos estos elementos, no es posible editarlos <alex_santos>
[4 years ago] 612abd38  FBI-1009 <duhnnie>
[4 years ago] de682c10  FBI-961: [Process Designer] Error guardar la fecha del datepicker de PMUI <richardnoel>
[4 years ago] 1d06ba1f  FBI-898 <jonathan>
[4 years ago] f8b8c64c  FBI-847: Variable no permite editar el Name en IE 11 <Daniel>
[4 years, 1 month ago] 3951a241  FBI-801: Fixes <duhnnie>
[4 years, 1 month ago] 2eaddf4e  FBI-789 <jonathan>
[4 years, 1 month ago] 5e3e5f0d  FBI-393: Fix connection decorator positioning <Daniel>
[4 years, 2 months ago] c4824521  FBI-670:(Custom Trigger) No se actualizan las listas de los triggers <richardnoel>
[4 years, 2 months ago] 01c03b52  FBI-570:Action takes too much time when trying to assign  steps in the task. <richardnoel>